BUILD: Examining c:\passthru directory for files to compile.
oacr invalidate root:x86chk /autocleanqueue
1>Compiling and Linking c:\passthru *************
1>'nmake.exe /nologo BUILDMSG=Stop. -i BUILD_PASS=PASS2 LINKONLY=1 NOPASS0=1 MAKEDIR_RELATIVE_TO_BASEDIR='
1>c:\passthru: TARGETPATH is obj
1>BUILDMSG: _NT_TARGET_VERSION SET TO WINXP
1>C:\WinDDK\7600.16385.1\Bin\x86\oacr\oacrcl /Ii386 /I. /Ic:\passthru\objchk_wxp_x86\i386 /IC:\WinDDK\7600.16385.1\inc\api /IC:\WinDDK\7600.16385.1\inc\api /IC:\WinDDK\7600.16385.1\inc\ddk /IC:\WinDDK\7600.16385.1\inc\ddk /IC:\WinDDK\7600.16385.1\inc\crt /D_X86_=1 /Di386=1 /DSTD_CALL /DCONDITION_HANDLING=1 /DNT_UP=1 /DNT_INST=0 /DWIN32=100 /D_NT1X_=100 /DWINNT=1 /D_WIN32_WINNT=0x0501 /DWINVER=0x0501 /D_WIN32_IE=0x0603 /DWIN32_LEAN_AND_MEAN=1 /DDEVL=1 /DDBG=1 /D__BUILDMACHINE__=WinDDK /DFPO=0 /D_DLL=1 /DNDEBUG -DNDIS_MINIPORT_DRIVER -DNDIS_WDM=1 -DNDIS51_MINIPORT=1 -DNDIS51=1 /DDEPRECATE_DDK_FUNCTIONS=1 /DMSC_NOOPT /DNTDDI_VERSION=0x05010200 /c /Zc:wchar_t- /Zl /Zp8 /Gy /Gm- -cbstring /W3 /Gz /hotpatch /EHs-c- /GR- /GF /GS /Zi /Od /Oi /Oy- /Zi /Fdc:\passthru\objchk_wxp_x86\i386\ /DKMDF_MAJOR_VERSION_STRING=01 /DKMDF_MINOR_VERSION_STRING=009 /wd4603 /wd4627 /typedil- /FIC:\WinDDK\7600.16385.1\inc\api\warning.h /Yuprecomp.h /Fpc:\passthru\objchk_wxp_x86\i386\precomp.pch /Ylpassthru /Ycprecomp.h /Fpc:\passthru\objchk_wxp_x86\i386\precomp.pch /Fo"c:\passthru\objchk_wxp_x86\i386\precomp.obj" /Tc
1>#include "precomp.h"
1>Microsoft (R) 32-bit C/C++ Optimizing Compiler Version 15.00.30729.207 for 80x86
1>Copyright (C) Microsoft Corporation.  All rights reserved.
1>cl 
1> /Ii386
1> /I.
1> /Ic:\passthru\objchk_wxp_x86\i386
1> /IC:\WinDDK\7600.16385.1\inc\api
1> /IC:\WinDDK\7600.16385.1\inc\api
1> /IC:\WinDDK\7600.16385.1\inc\ddk
1> /IC:\WinDDK\7600.16385.1\inc\ddk
1> /IC:\WinDDK\7600.16385.1\inc\crt
1> /D_X86_=1
1> /Di386=1
1> /DSTD_CALL
1> /DCONDITION_HANDLING=1
1> /DNT_UP=1
1> /DNT_INST=0
1> /DWIN32=100
1> /D_NT1X_=100
1> /DWINNT=1
1> /D_WIN32_WINNT=0x0501
1> /DWINVER=0x0501
1> /D_WIN32_IE=0x0603
1> /DWIN32_LEAN_AND_MEAN=1
1> /DDEVL=1
1> /DDBG=1
1> /D__BUILDMACHINE__=WinDDK
1> /DFPO=0
1> /D_DLL=1
1> /DNDEBUG
1> -DNDIS_MINIPORT_DRIVER
1> -DNDIS_WDM=1
1> -DNDIS51_MINIPORT=1
1> -DNDIS51=1
1> /DDEPRECATE_DDK_FUNCTIONS=1
1> /DMSC_NOOPT
1> /DNTDDI_VERSION=0x05010200
1> /c
1> /Zc:wchar_t-
1> /Zl
1> /Zp8
1> /Gy
1> /Gm-
1> -cbstring
1> /W3
1> /Gz
1> /hotpatch
1> /EHs-c-
1> /GR-
1> /GF
1> /GS
1> /Zi
1> /Od
1> /Oi
1> /Oy-
1> /Zi
1> /Fdc:\passthru\objchk_wxp_x86\i386\
1> /DKMDF_MAJOR_VERSION_STRING=01
1> /DKMDF_MINOR_VERSION_STRING=009
1> /wd4603
1> /wd4627
1> /typedil-
1> /FIC:\WinDDK\7600.16385.1\inc\api\warning.h
1> /Ylpassthru /Ycprecomp.h /Fpc:\passthru\objchk_wxp_x86\i386\precomp.pch /Fo"c:\passthru\objchk_wxp_x86\i386\precomp.obj"
1>pch_hdr.src
1> rc.exe -l 409 -DSXS_PROCESSOR_ARCHITECTURE="""x86"""  -DSXS_TARGET="""passthru.sys"""   -DSYSTEM_COMPATIBLE_ASSEMBLY_NAME="""Microsoft.Windows.SystemCompatible"""  -DLSYSTEM_COMPATIBLE_ASSEMBLY_NAME=L"""Microsoft.Windows.SystemCompatible"""   -DSXS_ASSEMBLY_VERSION=""""""  /r /fo c:\passthru\objchk_wxp_x86\i386\passthru.res /D_X86_=1 /Di386=1  /DSTD_CALL /DCONDITION_HANDLING=1 /DNT_UP=1  /DNT_INST=0 /DWIN32=100 /D_NT1X_=100 /DWINNT=1 /D_WIN32_WINNT=0x0501 /DWINVER=0x0501 /D_WIN32_IE=0x0603    /DWIN32_LEAN_AND_MEAN=1  /DDEVL=1 /DDBG=1 /D__BUILDMACHINE__=WinDDK /DFPO=0   /D_DLL=1 /DNDEBUG  -DNDIS_MINIPORT_DRIVER -DNDIS_WDM=1 -DNDIS51_MINIPORT=1 -DNDIS51=1 /DDEPRECATE_DDK_FUNCTIONS=1 /DMSC_NOOPT /DNTDDI_VERSION=0x05010200   /Ic:\passthru\objchk_wxp_x86\i386 /IC:\WinDDK\7600.16385.1\inc\api /IC:\WinDDK\7600.16385.1\inc\api /IC:\WinDDK\7600.16385.1\inc\ddk /IC:\WinDDK\7600.16385.1\inc\ddk /IC:\WinDDK\7600.16385.1\inc\crt .\passthru.rc
1>Microsoft (R) Windows (R) Resource Compiler Version 6.1.6908.0
1>Copyright (C) Microsoft Corporation.  All rights reserved.
1> C:\WinDDK\7600.16385.1\Bin\x86\oacr\oacrcl @c:\passthru\objchk_wxp_x86\i386\cl.rsp
1>Microsoft (R) 32-bit C/C++ Optimizing Compiler Version 15.00.30729.207 for 80x86
1>Copyright (C) Microsoft Corporation.  All rights reserved.
1>cl /Fo"c:\passthru\objchk_wxp_x86\i386/"
1> /FC
1> /Ii386
1> /I.
1> /Ic:\passthru\objchk_wxp_x86\i386
1> /IC:\WinDDK\7600.16385.1\inc\api
1> /IC:\WinDDK\7600.16385.1\inc\api
1> /IC:\WinDDK\7600.16385.1\inc\ddk
1> /IC:\WinDDK\7600.16385.1\inc\ddk
1> /IC:\WinDDK\7600.16385.1\inc\crt
1> /D_X86_=1
1> /Di386=1
1> /DSTD_CALL
1> /DCONDITION_HANDLING=1
1> /DNT_UP=1
1> /DNT_INST=0
1> /DWIN32=100
1> /D_NT1X_=100
1> /DWINNT=1
1> /D_WIN32_WINNT=0x0501
1> /DWINVER=0x0501
1> /D_WIN32_IE=0x0603
1> /DWIN32_LEAN_AND_MEAN=1
1> /DDEVL=1
1> /DDBG=1
1> /D__BUILDMACHINE__=WinDDK
1> /DFPO=0
1> /D_DLL=1
1> /DNDEBUG
1> -DNDIS_MINIPORT_DRIVER
1> -DNDIS_WDM=1
1> -DNDIS51_MINIPORT=1
1> -DNDIS51=1
1> /DDEPRECATE_DDK_FUNCTIONS=1
1> /DMSC_NOOPT
1> /DNTDDI_VERSION=0x05010200
1> /c
1> /Zc:wchar_t-
1> /Zl
1> /Zp8
1> /Gy
1> /Gm-
1> -cbstring
1> /W3
1> /Gz
1> /hotpatch
1> /EHs-c-
1> /GR-
1> /GF
1> /GS
1> /Zi
1> /Od
1> /Oi
1> /Oy-
1> /Zi
1> /Fdc:\passthru\objchk_wxp_x86\i386\
1> /DKMDF_MAJOR_VERSION_STRING=01
1> /DKMDF_MINOR_VERSION_STRING=009
1> /wd4603
1> /wd4627
1> /typedil-
1> /FIC:\WinDDK\7600.16385.1\inc\api\warning.h
1> /Yuprecomp.h
1> /Fpc:\passthru\objchk_wxp_x86\i386\precomp.pch
1> .\miniport.c .\passthru.c .\protocol.c .\analysispacket.c .\hook.c 
1>miniport.c
1>passthru.c
1>c:\passthru\passthru.c(617) : warning C4133: 'function' : incompatible types - from 'ParamConfig *' to 'ParamConfig *'
1>warnings in directory c:\passthru
1>c:\passthru\passthru.c(617) : warning C4133: 'function' : incompatible types - from 'ParamConfig *' to 'ParamConfig *'
1>protocol.c
1>analysispacket.c
1>c:\passthru\analysispacket.c(23) : warning C4996: 'ExAllocatePool': was declared deprecated
1>c:\passthru\analysispacket.c(23) : warning C4996: 'ExAllocatePool': was declared deprecated
1> c:\winddk\7600.16385.1\inc\ddk\wdm.h(16147) : see declaration of 'ExAllocatePool'
1>c:\passthru\analysispacket.c(30) : warning C4133: '=' : incompatible types - from 'ParamConfig *' to 'ParamConfig *'
1>c:\passthru\analysispacket.c(30) : warning C4133: '=' : incompatible types - from 'ParamConfig *' to 'ParamConfig *'
1>c:\passthru\analysispacket.c(51) : warning C4133: '=' : incompatible types - from 'ParamConfig *' to 'ParamConfig *'
1>c:\passthru\analysispacket.c(51) : warning C4133: '=' : incompatible types - from 'ParamConfig *' to 'ParamConfig *'
1>hook.c
1>Generating Code...
1> C:\WinDDK\7600.16385.1\Bin\x86\oacr\oacrlink /out:c:\passthru\objchk_wxp_x86\i386\passthru.sys /machine:ix86 @c:\passthru\objchk_wxp_x86\i386\lnk.rsp
1>Microsoft (R) Incremental Linker Version 9.00.30729.207
1>Copyright (C) Microsoft Corporation.  All rights reserved.
1>/MERGE:_PAGE=PAGE 
1>/MERGE:_TEXT=.text 
1>/SECTION:INIT,d 
1>/OPT:REF 
1>/OPT:ICF 
1>/IGNORE:4198,4010,4037,4039,4065,4070,4078,4087,4089,4221 
1>/INCREMENTAL:NO 
1>/release 
1>/NODEFAULTLIB 
1>/WX 
1>/debug 
1>/debugtype:cv,fixup,pdata 
1>/version:6.1 
1>/osversion:6.1 
1>/functionpadmin:5 
1>/safeseh 
1>/pdbcompress 
1>/STACK:0x40000,0x1000 
1>/driver 
1>/base:0x10000 
1>/align:0x80 /stub:c:\winddk\7600.16385.1\lib\wxp\stub512.com 
1>/subsystem:native,5.01 
1>/entry:GsDriverEntry@8 
1>/out:c:\passthru\objchk_wxp_x86\i386\passthru.sys 
1>c:\passthru\objchk_wxp_x86\i386\precomp.obj 
1>c:\passthru\objchk_wxp_x86\i386\passthru.res 
1>c:\passthru\objchk_wxp_x86\i386\miniport.obj 
1>c:\passthru\objchk_wxp_x86\i386\passthru.obj 
1>c:\passthru\objchk_wxp_x86\i386\protocol.obj 
1>c:\passthru\objchk_wxp_x86\i386\analysispacket.obj 
1>c:\passthru\objchk_wxp_x86\i386\hook.obj 
1>c:\winddk\7600.16385.1\lib\wxp\i386\BufferOverflowK.lib 
1>c:\winddk\7600.16385.1\lib\wxp\i386\ntoskrnl.lib 
1>c:\winddk\7600.16385.1\lib\wxp\i386\hal.lib 
1>c:\winddk\7600.16385.1\lib\wxp\i386\wmilib.lib 
1>c:\winddk\7600.16385.1\lib\wxp\i386\ndis.lib 
1>c:\winddk\7600.16385.1\lib\wxp\i386\sehupd.lib 
